GAS LISTING /tmp/ccRc5eTj.s 			page 1


   1              		.file	"c_api.cpp"
   2              		.option pic
   3              		.option norelax
   4              		.text
   5              	.Ltext0:
   6              		.align	2
   7              		.globl	_Z9mem_allocm
   9              	_Z9mem_allocm:
  10              	.LFB0:
  11              		.file 1 "src/c_api.cpp"
   1:src/c_api.cpp **** #include "../h/c_api.h"
   2:src/c_api.cpp **** #include "../h/my_console.h"
   3:src/c_api.cpp **** 
   4:src/c_api.cpp **** void* mem_alloc(size_t size)
   5:src/c_api.cpp **** {
  12              		.loc 1 5 1
  13              		.cfi_startproc
  14              	.LVL0:
  15 0000 130101FF 		addi	sp,sp,-16
  16              		.cfi_def_cfa_offset 16
  17 0004 23348100 		sd	s0,8(sp)
  18              		.cfi_offset 8, -8
  19 0008 13040101 		addi	s0,sp,16
  20              		.cfi_def_cfa 8, 0
   6:src/c_api.cpp **** //    uint64 a = 1;
   7:src/c_api.cpp **** //    __asm__ volatile ("mv a0, %[name]" : : [name] "r" (a));
   8:src/c_api.cpp ****     __asm__ volatile ("li a0, 1");
  21              		.loc 1 8 5
  22              		.loc 1 8 34 is_stmt 0
  23              	#APP
  24              	# 8 "src/c_api.cpp" 1
   9              	
  10:src/c_api.cpp **** //    __asm__ volatile ("csrw stvec, %[vector]" : : [vector] "r" (&trapRoutine));
  11:src/c_api.cpp **** //    __asm__ volatile ("mv a1, %[name]" : : [name] "r" (size));
  12:src/c_api.cpp ****     __asm__ volatile ("li a1, 123");
  25              		li a0, 1
  26              	# 0 "" 2
  27              		.loc 1 12 5 is_stmt 1
  28              		.loc 1 12 36 is_stmt 0
  29              	# 12 "src/c_api.cpp" 1
  13              	
  14:src/c_api.cpp ****     __asm__ volatile ("ecall");
  30              		li a1, 123
  31              	# 0 "" 2
  32              		.loc 1 14 5 is_stmt 1
  33              		.loc 1 14 31 is_stmt 0
  34              	# 14 "src/c_api.cpp" 1
  15              	
  16:src/c_api.cpp ****     return nullptr; // TODO
  35              		ecall
  36              	# 0 "" 2
  37              		.loc 1 16 5 is_stmt 1
  17:src/c_api.cpp **** }
  38              		.loc 1 17 1 is_stmt 0
  39              	#NO_APP
  40 0018 13050000 		li	a0,0
  41              	.LVL1:
GAS LISTING /tmp/ccRc5eTj.s 			page 2


  42 001c 03348100 		ld	s0,8(sp)
  43              		.cfi_restore 8
  44              		.cfi_def_cfa 2, 16
  45 0020 13010101 		addi	sp,sp,16
  46              		.cfi_def_cfa_offset 0
  47 0024 67800000 		jr	ra
  48              		.cfi_endproc
  49              	.LFE0:
  51              		.section	.rodata.str1.8,"aMS",@progbits,1
  52              		.align	3
  53              	.LC0:
  54 0000 7372632F 		.string	"src/c_api.cpp"
  54      635F6170 
  54      692E6370 
  54      7000
  55              		.text
  56              		.align	2
  57              		.globl	_Z8mem_freePv
  59              	_Z8mem_freePv:
  60              	.LFB1:
  18:src/c_api.cpp **** 
  19:src/c_api.cpp **** int mem_free(void*)
  20:src/c_api.cpp **** {
  61              		.loc 1 20 1 is_stmt 1
  62              		.cfi_startproc
  63 0028 130101FF 		addi	sp,sp,-16
  64              		.cfi_def_cfa_offset 16
  65 002c 23341100 		sd	ra,8(sp)
  66 0030 23308100 		sd	s0,0(sp)
  67              		.cfi_offset 1, -8
  68              		.cfi_offset 8, -16
  69 0034 13040101 		addi	s0,sp,16
  70              		.cfi_def_cfa 8, 0
  21:src/c_api.cpp ****     assert(false);
  71              		.loc 1 21 5
  72 0038 13065001 		li	a2,21
  73 003c 97050000 		lla	a1,.LC0
  73      93850500 
  74 0044 13050000 		li	a0,0
  75 0048 97000000 		call	_Z7_assertbPKci@plt
  75      E7800000 
  76              	.LVL2:
  22:src/c_api.cpp ****     return 0;
  77              		.loc 1 22 5
  23:src/c_api.cpp **** }...
  78              		.loc 1 23 1 is_stmt 0
  79 0050 13050000 		li	a0,0
  80 0054 83308100 		ld	ra,8(sp)
  81              		.cfi_restore 1
  82 0058 03340100 		ld	s0,0(sp)
  83              		.cfi_restore 8
  84              		.cfi_def_cfa 2, 16
  85 005c 13010101 		addi	sp,sp,16
  86              		.cfi_def_cfa_offset 0
  87 0060 67800000 		jr	ra
  88              		.cfi_endproc
  89              	.LFE1:
GAS LISTING /tmp/ccRc5eTj.s 			page 3


  91              	.Letext0:
  92              		.file 2 "src/../h/../lib/hw.h"
  93              		.file 3 "src/../h/my_console.h"
GAS LISTING /tmp/ccRc5eTj.s 			page 4


DEFINED SYMBOLS
                            *ABS*:0000000000000000 c_api.cpp
     /tmp/ccRc5eTj.s:9      .text:0000000000000000 _Z9mem_allocm
     /tmp/ccRc5eTj.s:13     .text:0000000000000000 .L0 
     /tmp/ccRc5eTj.s:15     .text:0000000000000000 .L0 
     /tmp/ccRc5eTj.s:16     .text:0000000000000004 .L0 
     /tmp/ccRc5eTj.s:18     .text:0000000000000008 .L0 
     /tmp/ccRc5eTj.s:20     .text:000000000000000c .L0 
     /tmp/ccRc5eTj.s:22     .text:000000000000000c .L0 
       src/c_api.cpp:8      .text:000000000000000c .L0 
     /tmp/ccRc5eTj.s:28     .text:0000000000000010 .L0 
       src/c_api.cpp:12     .text:0000000000000010 .L0 
     /tmp/ccRc5eTj.s:33     .text:0000000000000014 .L0 
       src/c_api.cpp:14     .text:0000000000000014 .L0 
     /tmp/ccRc5eTj.s:38     .text:0000000000000018 .L0 
     /tmp/ccRc5eTj.s:40     .text:0000000000000018 .L0 
     /tmp/ccRc5eTj.s:43     .text:0000000000000020 .L0 
     /tmp/ccRc5eTj.s:44     .text:0000000000000020 .L0 
     /tmp/ccRc5eTj.s:46     .text:0000000000000024 .L0 
     /tmp/ccRc5eTj.s:48     .text:0000000000000028 .L0 
     /tmp/ccRc5eTj.s:59     .text:0000000000000028 _Z8mem_freePv
     /tmp/ccRc5eTj.s:62     .text:0000000000000028 .L0 
     /tmp/ccRc5eTj.s:63     .text:0000000000000028 .L0 
     /tmp/ccRc5eTj.s:64     .text:000000000000002c .L0 
     /tmp/ccRc5eTj.s:67     .text:0000000000000034 .L0 
     /tmp/ccRc5eTj.s:68     .text:0000000000000034 .L0 
     /tmp/ccRc5eTj.s:70     .text:0000000000000038 .L0 
     /tmp/ccRc5eTj.s:72     .text:0000000000000038 .L0 
     /tmp/ccRc5eTj.s:78     .text:0000000000000050 .L0 
     /tmp/ccRc5eTj.s:79     .text:0000000000000050 .L0 
     /tmp/ccRc5eTj.s:81     .text:0000000000000058 .L0 
     /tmp/ccRc5eTj.s:83     .text:000000000000005c .L0 
     /tmp/ccRc5eTj.s:84     .text:000000000000005c .L0 
     /tmp/ccRc5eTj.s:86     .text:0000000000000060 .L0 
     /tmp/ccRc5eTj.s:88     .text:0000000000000064 .L0 
     /tmp/ccRc5eTj.s:94     .text:0000000000000064 .L0 
     /tmp/ccRc5eTj.s:53     .rodata.str1.8:0000000000000000 .LC0
     /tmp/ccRc5eTj.s:73     .text:000000000000003c .L0 
     /tmp/ccRc5eTj.s:287    .debug_abbrev:0000000000000000 .Ldebug_abbrev0
     /tmp/ccRc5eTj.s:589    .debug_str:0000000000000128 .LASF21
     /tmp/ccRc5eTj.s:579    .debug_str:00000000000000d0 .LASF22
     /tmp/ccRc5eTj.s:565    .debug_str:0000000000000069 .LASF23
     /tmp/ccRc5eTj.s:5      .text:0000000000000000 .Ltext0
     /tmp/ccRc5eTj.s:91     .text:0000000000000064 .Letext0
     /tmp/ccRc5eTj.s:547    .debug_line:0000000000000000 .Ldebug_line0
     /tmp/ccRc5eTj.s:551    .debug_str:000000000000000e .LASF0
     /tmp/ccRc5eTj.s:587    .debug_str:0000000000000115 .LASF1
     /tmp/ccRc5eTj.s:575    .debug_str:00000000000000ac .LASF2
     /tmp/ccRc5eTj.s:569    .debug_str:0000000000000090 .LASF4
     /tmp/ccRc5eTj.s:563    .debug_str:0000000000000057 .LASF3
     /tmp/ccRc5eTj.s:557    .debug_str:0000000000000038 .LASF5
     /tmp/ccRc5eTj.s:567    .debug_str:000000000000007d .LASF6
     /tmp/ccRc5eTj.s:585    .debug_str:0000000000000102 .LASF7
     /tmp/ccRc5eTj.s:595    .debug_str:0000000000000200 .LASF8
     /tmp/ccRc5eTj.s:553    .debug_str:000000000000001b .LASF9
     /tmp/ccRc5eTj.s:555    .debug_str:0000000000000029 .LASF10
     /tmp/ccRc5eTj.s:591    .debug_str:00000000000001ec .LASF11
GAS LISTING /tmp/ccRc5eTj.s 			page 5


     /tmp/ccRc5eTj.s:559    .debug_str:000000000000003f .LASF12
     /tmp/ccRc5eTj.s:599    .debug_str:000000000000021a .LASF13
     /tmp/ccRc5eTj.s:573    .debug_str:00000000000000a0 .LASF14
     /tmp/ccRc5eTj.s:581    .debug_str:00000000000000de .LASF15
     /tmp/ccRc5eTj.s:577    .debug_str:00000000000000ba .LASF16
     /tmp/ccRc5eTj.s:571    .debug_str:0000000000000097 .LASF17
     /tmp/ccRc5eTj.s:549    .debug_str:0000000000000000 .LASF19
     /tmp/ccRc5eTj.s:60     .text:0000000000000028 .LFB1
     /tmp/ccRc5eTj.s:89     .text:0000000000000064 .LFE1
     /tmp/ccRc5eTj.s:76     .text:0000000000000050 .LVL2
     /tmp/ccRc5eTj.s:597    .debug_str:0000000000000210 .LASF18
     /tmp/ccRc5eTj.s:583    .debug_str:00000000000000f4 .LASF20
     /tmp/ccRc5eTj.s:10     .text:0000000000000000 .LFB0
     /tmp/ccRc5eTj.s:49     .text:0000000000000028 .LFE0
     /tmp/ccRc5eTj.s:593    .debug_str:00000000000001fb .LASF24
     /tmp/ccRc5eTj.s:520    .debug_loc:0000000000000000 .LLST0
     /tmp/ccRc5eTj.s:601    .debug_str:000000000000022a .LASF25
     /tmp/ccRc5eTj.s:561    .debug_str:000000000000004f .LASF26
     /tmp/ccRc5eTj.s:14     .text:0000000000000000 .LVL0
     /tmp/ccRc5eTj.s:41     .text:000000000000001c .LVL1
     /tmp/ccRc5eTj.s:95     .debug_info:0000000000000000 .Ldebug_info0

UNDEFINED SYMBOLS
_Z7_assertbPKci
