GAS LISTING /tmp/ccxVoHji.s 			page 1


   1              		.file	"cpp_api.cpp"
   2              		.option pic
   3              		.option norelax
   4              		.text
   5              	.Ltext0:
   6              		.align	2
   7              		.globl	_Znwm
   9              	_Znwm:
  10              	.LFB0:
  11              		.file 1 "src/cpp_api.cpp"
   1:src/cpp_api.cpp **** #include"../h/cpp_api.h"
   2:src/cpp_api.cpp **** 
   3:src/cpp_api.cpp **** void* operator new(size_t size)
   4:src/cpp_api.cpp **** {
  12              		.loc 1 4 1
  13              		.cfi_startproc
  14              	.LVL0:
  15 0000 130101FF 		addi	sp,sp,-16
  16              		.cfi_def_cfa_offset 16
  17 0004 23341100 		sd	ra,8(sp)
  18 0008 23308100 		sd	s0,0(sp)
  19              		.cfi_offset 1, -8
  20              		.cfi_offset 8, -16
  21 000c 13040101 		addi	s0,sp,16
  22              		.cfi_def_cfa 8, 0
   5:src/cpp_api.cpp ****     return mem_alloc(size);
  23              		.loc 1 5 5
  24              		.loc 1 5 21 is_stmt 0
  25 0010 97000000 		call	_Z9mem_allocm@plt
  25      E7800000 
  26              	.LVL1:
   6:src/cpp_api.cpp **** }
  27              		.loc 1 6 1
  28 0018 83308100 		ld	ra,8(sp)
  29              		.cfi_restore 1
  30 001c 03340100 		ld	s0,0(sp)
  31              		.cfi_restore 8
  32              		.cfi_def_cfa 2, 16
  33 0020 13010101 		addi	sp,sp,16
  34              		.cfi_def_cfa_offset 0
  35 0024 67800000 		jr	ra
  36              		.cfi_endproc
  37              	.LFE0:
  39              		.align	2
  40              		.globl	_ZdlPv
  42              	_ZdlPv:
  43              	.LFB1:
   7:src/cpp_api.cpp **** 
   8:src/cpp_api.cpp **** void operator delete(void* p)
   9:src/cpp_api.cpp **** {
  44              		.loc 1 9 1 is_stmt 1
  45              		.cfi_startproc
  46              	.LVL2:
  47 0028 130101FF 		addi	sp,sp,-16
  48              		.cfi_def_cfa_offset 16
  49 002c 23341100 		sd	ra,8(sp)
  50 0030 23308100 		sd	s0,0(sp)
GAS LISTING /tmp/ccxVoHji.s 			page 2


  51              		.cfi_offset 1, -8
  52              		.cfi_offset 8, -16
  53 0034 13040101 		addi	s0,sp,16
  54              		.cfi_def_cfa 8, 0
  10:src/cpp_api.cpp ****     mem_free(p);
  55              		.loc 1 10 5
  56              		.loc 1 10 13 is_stmt 0
  57 0038 97000000 		call	_Z8mem_freePv@plt
  57      E7800000 
  58              	.LVL3:
  11:src/cpp_api.cpp **** }
  59              		.loc 1 11 1
  60 0040 83308100 		ld	ra,8(sp)
  61              		.cfi_restore 1
  62 0044 03340100 		ld	s0,0(sp)
  63              		.cfi_restore 8
  64              		.cfi_def_cfa 2, 16
  65 0048 13010101 		addi	sp,sp,16
  66              		.cfi_def_cfa_offset 0
  67 004c 67800000 		jr	ra
  68              		.cfi_endproc
  69              	.LFE1:
  71              	.Letext0:
  72              		.file 2 "src/../h/../h/../lib/hw.h"
  73              		.file 3 "src/../h/../h/c_api.h"
GAS LISTING /tmp/ccxVoHji.s 			page 3


DEFINED SYMBOLS
                            *ABS*:0000000000000000 cpp_api.cpp
     /tmp/ccxVoHji.s:9      .text:0000000000000000 _Znwm
     /tmp/ccxVoHji.s:13     .text:0000000000000000 .L0 
     /tmp/ccxVoHji.s:15     .text:0000000000000000 .L0 
     /tmp/ccxVoHji.s:16     .text:0000000000000004 .L0 
     /tmp/ccxVoHji.s:19     .text:000000000000000c .L0 
     /tmp/ccxVoHji.s:20     .text:000000000000000c .L0 
     /tmp/ccxVoHji.s:22     .text:0000000000000010 .L0 
     /tmp/ccxVoHji.s:24     .text:0000000000000010 .L0 
     /tmp/ccxVoHji.s:25     .text:0000000000000010 .L0 
     /tmp/ccxVoHji.s:28     .text:0000000000000018 .L0 
     /tmp/ccxVoHji.s:29     .text:000000000000001c .L0 
     /tmp/ccxVoHji.s:31     .text:0000000000000020 .L0 
     /tmp/ccxVoHji.s:32     .text:0000000000000020 .L0 
     /tmp/ccxVoHji.s:34     .text:0000000000000024 .L0 
     /tmp/ccxVoHji.s:36     .text:0000000000000028 .L0 
     /tmp/ccxVoHji.s:42     .text:0000000000000028 _ZdlPv
     /tmp/ccxVoHji.s:45     .text:0000000000000028 .L0 
     /tmp/ccxVoHji.s:47     .text:0000000000000028 .L0 
     /tmp/ccxVoHji.s:48     .text:000000000000002c .L0 
     /tmp/ccxVoHji.s:51     .text:0000000000000034 .L0 
     /tmp/ccxVoHji.s:52     .text:0000000000000034 .L0 
     /tmp/ccxVoHji.s:54     .text:0000000000000038 .L0 
     /tmp/ccxVoHji.s:56     .text:0000000000000038 .L0 
     /tmp/ccxVoHji.s:57     .text:0000000000000038 .L0 
     /tmp/ccxVoHji.s:60     .text:0000000000000040 .L0 
     /tmp/ccxVoHji.s:61     .text:0000000000000044 .L0 
     /tmp/ccxVoHji.s:63     .text:0000000000000048 .L0 
     /tmp/ccxVoHji.s:64     .text:0000000000000048 .L0 
     /tmp/ccxVoHji.s:66     .text:000000000000004c .L0 
     /tmp/ccxVoHji.s:68     .text:0000000000000050 .L0 
     /tmp/ccxVoHji.s:74     .text:0000000000000050 .L0 
     /tmp/ccxVoHji.s:286    .debug_abbrev:0000000000000000 .Ldebug_abbrev0
     /tmp/ccxVoHji.s:654    .debug_str:0000000000000129 .LASF22
     /tmp/ccxVoHji.s:662    .debug_str:0000000000000207 .LASF23
     /tmp/ccxVoHji.s:628    .debug_str:000000000000005a .LASF24
     /tmp/ccxVoHji.s:5      .text:0000000000000000 .Ltext0
     /tmp/ccxVoHji.s:71     .text:0000000000000050 .Letext0
     /tmp/ccxVoHji.s:612    .debug_line:0000000000000000 .Ldebug_line0
     /tmp/ccxVoHji.s:614    .debug_str:0000000000000000 .LASF0
     /tmp/ccxVoHji.s:652    .debug_str:0000000000000116 .LASF1
     /tmp/ccxVoHji.s:638    .debug_str:00000000000000a4 .LASF2
     /tmp/ccxVoHji.s:632    .debug_str:0000000000000081 .LASF4
     /tmp/ccxVoHji.s:626    .debug_str:0000000000000048 .LASF3
     /tmp/ccxVoHji.s:620    .debug_str:000000000000002a .LASF5
     /tmp/ccxVoHji.s:630    .debug_str:000000000000006e .LASF6
     /tmp/ccxVoHji.s:650    .debug_str:0000000000000103 .LASF7
     /tmp/ccxVoHji.s:664    .debug_str:0000000000000217 .LASF8
     /tmp/ccxVoHji.s:616    .debug_str:000000000000000d .LASF9
     /tmp/ccxVoHji.s:618    .debug_str:000000000000001b .LASF10
     /tmp/ccxVoHji.s:656    .debug_str:00000000000001ed .LASF11
     /tmp/ccxVoHji.s:622    .debug_str:0000000000000031 .LASF12
     /tmp/ccxVoHji.s:668    .debug_str:0000000000000231 .LASF13
     /tmp/ccxVoHji.s:636    .debug_str:0000000000000098 .LASF14
     /tmp/ccxVoHji.s:646    .debug_str:00000000000000df .LASF15
     /tmp/ccxVoHji.s:642    .debug_str:00000000000000bb .LASF16
GAS LISTING /tmp/ccxVoHji.s 			page 4


     /tmp/ccxVoHji.s:634    .debug_str:0000000000000088 .LASF25
     /tmp/ccxVoHji.s:624    .debug_str:0000000000000041 .LASF26
     /tmp/ccxVoHji.s:43     .text:0000000000000028 .LFB1
     /tmp/ccxVoHji.s:69     .text:0000000000000050 .LFE1
     /tmp/ccxVoHji.s:571    .debug_loc:0000000000000000 .LLST1
     /tmp/ccxVoHji.s:58     .text:0000000000000040 .LVL3
     /tmp/ccxVoHji.s:670    .debug_str:0000000000000241 .LASF27
     /tmp/ccxVoHji.s:660    .debug_str:0000000000000201 .LASF28
     /tmp/ccxVoHji.s:10     .text:0000000000000000 .LFB0
     /tmp/ccxVoHji.s:37     .text:0000000000000028 .LFE0
     /tmp/ccxVoHji.s:658    .debug_str:00000000000001fc .LASF17
     /tmp/ccxVoHji.s:585    .debug_loc:0000000000000039 .LLST0
     /tmp/ccxVoHji.s:26     .text:0000000000000018 .LVL1
     /tmp/ccxVoHji.s:644    .debug_str:00000000000000d1 .LASF18
     /tmp/ccxVoHji.s:640    .debug_str:00000000000000b2 .LASF20
     /tmp/ccxVoHji.s:648    .debug_str:00000000000000f5 .LASF19
     /tmp/ccxVoHji.s:666    .debug_str:0000000000000227 .LASF21
     /tmp/ccxVoHji.s:46     .text:0000000000000028 .LVL2
     /tmp/ccxVoHji.s:14     .text:0000000000000000 .LVL0
     /tmp/ccxVoHji.s:75     .debug_info:0000000000000000 .Ldebug_info0

UNDEFINED SYMBOLS
_Z9mem_allocm
_Z8mem_freePv
