GAS LISTING /tmp/ccSTlHiV.s 			page 1


   1              		.file	"risc.cpp"
   2              		.option pic
   3              		.option norelax
   4              		.text
   5              	.Ltext0:
   6              		.align	2
   7              		.globl	_Z24enableExternalInterruptsv
   9              	_Z24enableExternalInterruptsv:
  10              	.LFB0:
  11              		.file 1 "src/risc.cpp"
   1:src/risc.cpp  **** #include "../h/risc.h"
   2:src/risc.cpp  **** 
   3:src/risc.cpp  **** void enableExternalInterrupts()
   4:src/risc.cpp  **** {
  12              		.loc 1 4 1
  13              		.cfi_startproc
  14 0000 130101FF 		addi	sp,sp,-16
  15              		.cfi_def_cfa_offset 16
  16 0004 23348100 		sd	s0,8(sp)
  17              		.cfi_offset 8, -8
  18 0008 13040101 		addi	s0,sp,16
  19              		.cfi_def_cfa 8, 0
   5:src/risc.cpp  ****     __asm__ volatile ("csrs sstatus, 0x02"); // sets the "sie" bit to 1
  20              		.loc 1 5 5
  21              		.loc 1 5 44 is_stmt 0
  22              	#APP
  23              	# 5 "src/risc.cpp" 1
   6              	}
  24              		csrs sstatus, 0x02
  25              	# 0 "" 2
  26              		.loc 1 6 1
  27              	#NO_APP
  28 0010 03348100 		ld	s0,8(sp)
  29              		.cfi_restore 8
  30              		.cfi_def_cfa 2, 16
  31 0014 13010101 		addi	sp,sp,16
  32              		.cfi_def_cfa_offset 0
  33 0018 67800000 		jr	ra
  34              		.cfi_endproc
  35              	.LFE0:
  37              		.align	2
  38              		.globl	_Z25disableExternalInterruptsv
  40              	_Z25disableExternalInterruptsv:
  41              	.LFB1:
   7:src/risc.cpp  **** 
   8:src/risc.cpp  **** void disableExternalInterrupts()
   9:src/risc.cpp  **** {
  42              		.loc 1 9 1 is_stmt 1
  43              		.cfi_startproc
  44 001c 130101FF 		addi	sp,sp,-16
  45              		.cfi_def_cfa_offset 16
  46 0020 23348100 		sd	s0,8(sp)
  47              		.cfi_offset 8, -8
  48 0024 13040101 		addi	s0,sp,16
  49              		.cfi_def_cfa 8, 0
  10:src/risc.cpp  ****     __asm__ volatile ("csrc sstatus, 0x02"); // sets the "sie" bit to 0
  50              		.loc 1 10 5
GAS LISTING /tmp/ccSTlHiV.s 			page 2


  51              		.loc 1 10 44 is_stmt 0
  52              	#APP
  53              	# 10 "src/risc.cpp" 1
  11              	}
  54              		csrc sstatus, 0x02
  55              	# 0 "" 2
  56              		.loc 1 11 1
  57              	#NO_APP
  58 002c 03348100 		ld	s0,8(sp)
  59              		.cfi_restore 8
  60              		.cfi_def_cfa 2, 16
  61 0030 13010101 		addi	sp,sp,16
  62              		.cfi_def_cfa_offset 0
  63 0034 67800000 		jr	ra
  64              		.cfi_endproc
  65              	.LFE1:
  67              	.Letext0:
GAS LISTING /tmp/ccSTlHiV.s 			page 3


DEFINED SYMBOLS
                            *ABS*:0000000000000000 risc.cpp
     /tmp/ccSTlHiV.s:9      .text:0000000000000000 _Z24enableExternalInterruptsv
     /tmp/ccSTlHiV.s:13     .text:0000000000000000 .L0 
     /tmp/ccSTlHiV.s:14     .text:0000000000000000 .L0 
     /tmp/ccSTlHiV.s:15     .text:0000000000000004 .L0 
     /tmp/ccSTlHiV.s:17     .text:0000000000000008 .L0 
     /tmp/ccSTlHiV.s:19     .text:000000000000000c .L0 
     /tmp/ccSTlHiV.s:21     .text:000000000000000c .L0 
        src/risc.cpp:5      .text:000000000000000c .L0 
     /tmp/ccSTlHiV.s:28     .text:0000000000000010 .L0 
     /tmp/ccSTlHiV.s:29     .text:0000000000000014 .L0 
     /tmp/ccSTlHiV.s:30     .text:0000000000000014 .L0 
     /tmp/ccSTlHiV.s:32     .text:0000000000000018 .L0 
     /tmp/ccSTlHiV.s:34     .text:000000000000001c .L0 
     /tmp/ccSTlHiV.s:40     .text:000000000000001c _Z25disableExternalInterruptsv
     /tmp/ccSTlHiV.s:43     .text:000000000000001c .L0 
     /tmp/ccSTlHiV.s:44     .text:000000000000001c .L0 
     /tmp/ccSTlHiV.s:45     .text:0000000000000020 .L0 
     /tmp/ccSTlHiV.s:47     .text:0000000000000024 .L0 
     /tmp/ccSTlHiV.s:49     .text:0000000000000028 .L0 
     /tmp/ccSTlHiV.s:51     .text:0000000000000028 .L0 
        src/risc.cpp:10     .text:0000000000000028 .L0 
     /tmp/ccSTlHiV.s:58     .text:000000000000002c .L0 
     /tmp/ccSTlHiV.s:59     .text:0000000000000030 .L0 
     /tmp/ccSTlHiV.s:60     .text:0000000000000030 .L0 
     /tmp/ccSTlHiV.s:62     .text:0000000000000034 .L0 
     /tmp/ccSTlHiV.s:64     .text:0000000000000038 .L0 
     /tmp/ccSTlHiV.s:68     .text:0000000000000038 .L0 
     /tmp/ccSTlHiV.s:104    .debug_abbrev:0000000000000000 .Ldebug_abbrev0
     /tmp/ccSTlHiV.s:169    .debug_str:000000000000002d .LASF4
     /tmp/ccSTlHiV.s:173    .debug_str:0000000000000110 .LASF5
     /tmp/ccSTlHiV.s:165    .debug_str:0000000000000000 .LASF6
     /tmp/ccSTlHiV.s:5      .text:0000000000000000 .Ltext0
     /tmp/ccSTlHiV.s:67     .text:0000000000000038 .Letext0
     /tmp/ccSTlHiV.s:163    .debug_line:0000000000000000 .Ldebug_line0
     /tmp/ccSTlHiV.s:177    .debug_str:000000000000013b .LASF0
     /tmp/ccSTlHiV.s:171    .debug_str:00000000000000f1 .LASF2
     /tmp/ccSTlHiV.s:41     .text:000000000000001c .LFB1
     /tmp/ccSTlHiV.s:65     .text:0000000000000038 .LFE1
     /tmp/ccSTlHiV.s:167    .debug_str:0000000000000014 .LASF1
     /tmp/ccSTlHiV.s:175    .debug_str:000000000000011d .LASF3
     /tmp/ccSTlHiV.s:10     .text:0000000000000000 .LFB0
     /tmp/ccSTlHiV.s:35     .text:000000000000001c .LFE0
     /tmp/ccSTlHiV.s:69     .debug_info:0000000000000000 .Ldebug_info0

NO UNDEFINED SYMBOLS
